2021-03-13 10:21:01,566 INFO [root] [base.py (__init__:14)]] - 初始化driver<selenium.webdriver.chrome.webdriver.WebDriver (session="3f655e2c3e5039ec8f5b8f248bf93546")>
2021-03-13 10:21:01,566 INFO [root] [base.py (__init__:14)]] - 初始化driver<selenium.webdriver.chrome.webdriver.WebDriver (session="3f655e2c3e5039ec8f5b8f248bf93546")>
2021-03-13 10:21:01,574 INFO [root] [base.py (base_click:34)]] - 正在点击元素('css selector', '#simple1')
2021-03-13 10:21:01,574 INFO [root] [base.py (base_click:34)]] - 正在点击元素('css selector', '#simple1')
2021-03-13 10:21:01,575 INFO [root] [base.py (base_find_element:26)]] - 正在查找元素('css selector', '#simple1')
2021-03-13 10:21:01,575 INFO [root] [base.py (base_find_element:26)]] - 正在查找元素('css selector', '#simple1')
2021-03-13 10:21:01,759 INFO [root] [base.py (base_click:34)]] - 正在点击元素('css selector', '#simpleAdd')
2021-03-13 10:21:01,759 INFO [root] [base.py (base_click:34)]] - 正在点击元素('css selector', '#simpleAdd')
2021-03-13 10:21:01,760 INFO [root] [base.py (base_find_element:26)]] - 正在查找元素('css selector', '#simpleAdd')
2021-03-13 10:21:01,760 INFO [root] [base.py (base_find_element:26)]] - 正在查找元素('css selector', '#simpleAdd')
2021-03-13 10:21:01,847 INFO [root] [base.py (base_click:34)]] - 正在点击元素('css selector', '#simple2')
2021-03-13 10:21:01,847 INFO [root] [base.py (base_click:34)]] - 正在点击元素('css selector', '#simple2')
2021-03-13 10:21:01,847 INFO [root] [base.py (base_find_element:26)]] - 正在查找元素('css selector', '#simple2')
2021-03-13 10:21:01,847 INFO [root] [base.py (base_find_element:26)]] - 正在查找元素('css selector', '#simple2')
2021-03-13 10:21:01,932 INFO [root] [base.py (base_click:34)]] - 正在点击元素('css selector', '#simpleEqual')
2021-03-13 10:21:01,932 INFO [root] [base.py (base_click:34)]] - 正在点击元素('css selector', '#simpleEqual')
2021-03-13 10:21:01,933 INFO [root] [base.py (base_find_element:26)]] - 正在查找元素('css selector', '#simpleEqual')
2021-03-13 10:21:01,933 INFO [root] [base.py (base_find_element:26)]] - 正在查找元素('css selector', '#simpleEqual')
2021-03-13 10:21:02,041 INFO [root] [base.py (base_get_value:40)]] - 正在获取元素('css selector', '#resultIpt')value属性
2021-03-13 10:21:02,041 INFO [root] [base.py (base_get_value:40)]] - 正在获取元素('css selector', '#resultIpt')value属性
2021-03-13 10:21:02,042 INFO [root] [base.py (base_find_element:26)]] - 正在查找元素('css selector', '#resultIpt')
2021-03-13 10:21:02,042 INFO [root] [base.py (base_find_element:26)]] - 正在查找元素('css selector', '#resultIpt')
2021-03-13 10:21:02,108 INFO [root] [base.py (base_get_value:40)]] - 正在获取元素('css selector', '#resultIpt')value属性
2021-03-13 10:21:02,108 INFO [root] [base.py (base_get_value:40)]] - 正在获取元素('css selector', '#resultIpt')value属性
2021-03-13 10:21:02,108 INFO [root] [base.py (base_find_element:26)]] - 正在查找元素('css selector', '#resultIpt')
2021-03-13 10:21:02,108 INFO [root] [base.py (base_find_element:26)]] - 正在查找元素('css selector', '#resultIpt')
2021-03-13 10:21:02,126 INFO [root] [base.py (base_click:34)]] - 正在点击元素('css selector', '#simple2')
2021-03-13 10:21:02,126 INFO [root] [base.py (base_click:34)]] - 正在点击元素('css selector', '#simple2')
2021-03-13 10:21:02,127 INFO [root] [base.py (base_find_element:26)]] - 正在查找元素('css selector', '#simple2')
2021-03-13 10:21:02,127 INFO [root] [base.py (base_find_element:26)]] - 正在查找元素('css selector', '#simple2')
2021-03-13 10:21:02,169 INFO [root] [base.py (base_click:34)]] - 正在点击元素('css selector', '#simple2')
2021-03-13 10:21:02,169 INFO [root] [base.py (base_click:34)]] - 正在点击元素('css selector', '#simple2')
2021-03-13 10:21:02,169 INFO [root] [base.py (base_find_element:26)]] - 正在查找元素('css selector', '#simple2')
2021-03-13 10:21:02,169 INFO [root] [base.py (base_find_element:26)]] - 正在查找元素('css selector', '#simple2')
2021-03-13 10:21:02,202 INFO [root] [base.py (base_click:34)]] - 正在点击元素('css selector', '#simple2')
2021-03-13 10:21:02,202 INFO [root] [base.py (base_click:34)]] - 正在点击元素('css selector', '#simple2')
2021-03-13 10:21:02,203 INFO [root] [base.py (base_find_element:26)]] - 正在查找元素('css selector', '#simple2')
2021-03-13 10:21:02,203 INFO [root] [base.py (base_find_element:26)]] - 正在查找元素('css selector', '#simple2')
2021-03-13 10:21:02,247 INFO [root] [base.py (base_click:34)]] - 正在点击元素('css selector', '#simpleAdd')
2021-03-13 10:21:02,247 INFO [root] [base.py (base_click:34)]] - 正在点击元素('css selector', '#simpleAdd')
2021-03-13 10:21:02,247 INFO [root] [base.py (base_find_element:26)]] - 正在查找元素('css selector', '#simpleAdd')
2021-03-13 10:21:02,247 INFO [root] [base.py (base_find_element:26)]] - 正在查找元素('css selector', '#simpleAdd')
2021-03-13 10:21:02,284 INFO [root] [base.py (base_click:34)]] - 正在点击元素('css selector', '#simple2')
2021-03-13 10:21:02,284 INFO [root] [base.py (base_click:34)]] - 正在点击元素('css selector', '#simple2')
2021-03-13 10:21:02,285 INFO [root] [base.py (base_find_element:26)]] - 正在查找元素('css selector', '#simple2')
2021-03-13 10:21:02,285 INFO [root] [base.py (base_find_element:26)]] - 正在查找元素('css selector', '#simple2')
2021-03-13 10:21:02,314 INFO [root] [base.py (base_click:34)]] - 正在点击元素('css selector', '#simple2')
2021-03-13 10:21:02,314 INFO [root] [base.py (base_click:34)]] - 正在点击元素('css selector', '#simple2')
2021-03-13 10:21:02,315 INFO [root] [base.py (base_find_element:26)]] - 正在查找元素('css selector', '#simple2')
2021-03-13 10:21:02,315 INFO [root] [base.py (base_find_element:26)]] - 正在查找元素('css selector', '#simple2')
2021-03-13 10:21:02,357 INFO [root] [base.py (base_click:34)]] - 正在点击元素('css selector', '#simple2')
2021-03-13 10:21:02,357 INFO [root] [base.py (base_click:34)]] - 正在点击元素('css selector', '#simple2')
2021-03-13 10:21:02,357 INFO [root] [base.py (base_find_element:26)]] - 正在查找元素('css selector', '#simple2')
2021-03-13 10:21:02,357 INFO [root] [base.py (base_find_element:26)]] - 正在查找元素('css selector', '#simple2')
2021-03-13 10:21:02,406 INFO [root] [base.py (base_click:34)]] - 正在点击元素('css selector', '#simpleEqual')
2021-03-13 10:21:02,406 INFO [root] [base.py (base_click:34)]] - 正在点击元素('css selector', '#simpleEqual')
2021-03-13 10:21:02,407 INFO [root] [base.py (base_find_element:26)]] - 正在查找元素('css selector', '#simpleEqual')
2021-03-13 10:21:02,407 INFO [root] [base.py (base_find_element:26)]] - 正在查找元素('css selector', '#simpleEqual')
2021-03-13 10:21:02,464 INFO [root] [base.py (base_get_value:40)]] - 正在获取元素('css selector', '#resultIpt')value属性
2021-03-13 10:21:02,464 INFO [root] [base.py (base_get_value:40)]] - 正在获取元素('css selector', '#resultIpt')value属性
2021-03-13 10:21:02,464 INFO [root] [base.py (base_find_element:26)]] - 正在查找元素('css selector', '#resultIpt')
2021-03-13 10:21:02,464 INFO [root] [base.py (base_find_element:26)]] - 正在查找元素('css selector', '#resultIpt')
2021-03-13 10:21:02,485 INFO [root] [base.py (base_get_value:40)]] - 正在获取元素('css selector', '#resultIpt')value属性
2021-03-13 10:21:02,485 INFO [root] [base.py (base_get_value:40)]] - 正在获取元素('css selector', '#resultIpt')value属性
2021-03-13 10:21:02,485 INFO [root] [base.py (base_find_element:26)]] - 正在查找元素('css selector', '#resultIpt')
2021-03-13 10:21:02,485 INFO [root] [base.py (base_find_element:26)]] - 正在查找元素('css selector', '#resultIpt')
2021-03-13 10:21:02,499 INFO [root] [base.py (base_click:34)]] - 正在点击元素('css selector', '#simple1')
2021-03-13 10:21:02,499 INFO [root] [base.py (base_click:34)]] - 正在点击元素('css selector', '#simple1')
2021-03-13 10:21:02,499 INFO [root] [base.py (base_find_element:26)]] - 正在查找元素('css selector', '#simple1')
2021-03-13 10:21:02,499 INFO [root] [base.py (base_find_element:26)]] - 正在查找元素('css selector', '#simple1')
2021-03-13 10:21:02,537 INFO [root] [base.py (base_click:34)]] - 正在点击元素('css selector', '#simple2')
2021-03-13 10:21:02,537 INFO [root] [base.py (base_click:34)]] - 正在点击元素('css selector', '#simple2')
2021-03-13 10:21:02,537 INFO [root] [base.py (base_find_element:26)]] - 正在查找元素('css selector', '#simple2')
2021-03-13 10:21:02,537 INFO [root] [base.py (base_find_element:26)]] - 正在查找元素('css selector', '#simple2')
2021-03-13 10:21:02,592 INFO [root] [base.py (base_click:34)]] - 正在点击元素('css selector', '#simple3')
2021-03-13 10:21:02,592 INFO [root] [base.py (base_click:34)]] - 正在点击元素('css selector', '#simple3')
2021-03-13 10:21:02,592 INFO [root] [base.py (base_find_element:26)]] - 正在查找元素('css selector', '#simple3')
2021-03-13 10:21:02,592 INFO [root] [base.py (base_find_element:26)]] - 正在查找元素('css selector', '#simple3')
2021-03-13 10:21:02,665 INFO [root] [base.py (base_click:34)]] - 正在点击元素('css selector', '#simple4')
2021-03-13 10:21:02,665 INFO [root] [base.py (base_click:34)]] - 正在点击元素('css selector', '#simple4')
2021-03-13 10:21:02,666 INFO [root] [base.py (base_find_element:26)]] - 正在查找元素('css selector', '#simple4')
2021-03-13 10:21:02,666 INFO [root] [base.py (base_find_element:26)]] - 正在查找元素('css selector', '#simple4')
2021-03-13 10:21:02,730 INFO [root] [base.py (base_click:34)]] - 正在点击元素('css selector', '#simpleAdd')
2021-03-13 10:21:02,730 INFO [root] [base.py (base_click:34)]] - 正在点击元素('css selector', '#simpleAdd')
2021-03-13 10:21:02,730 INFO [root] [base.py (base_find_element:26)]] - 正在查找元素('css selector', '#simpleAdd')
2021-03-13 10:21:02,730 INFO [root] [base.py (base_find_element:26)]] - 正在查找元素('css selector', '#simpleAdd')
2021-03-13 10:21:02,780 INFO [root] [base.py (base_click:34)]] - 正在点击元素('css selector', '#simple2')
2021-03-13 10:21:02,780 INFO [root] [base.py (base_click:34)]] - 正在点击元素('css selector', '#simple2')
2021-03-13 10:21:02,780 INFO [root] [base.py (base_find_element:26)]] - 正在查找元素('css selector', '#simple2')
2021-03-13 10:21:02,780 INFO [root] [base.py (base_find_element:26)]] - 正在查找元素('css selector', '#simple2')
2021-03-13 10:21:02,848 INFO [root] [base.py (base_click:34)]] - 正在点击元素('css selector', '#simple2')
2021-03-13 10:21:02,848 INFO [root] [base.py (base_click:34)]] - 正在点击元素('css selector', '#simple2')
2021-03-13 10:21:02,848 INFO [root] [base.py (base_find_element:26)]] - 正在查找元素('css selector', '#simple2')
2021-03-13 10:21:02,848 INFO [root] [base.py (base_find_element:26)]] - 正在查找元素('css selector', '#simple2')
2021-03-13 10:21:02,904 INFO [root] [base.py (base_click:34)]] - 正在点击元素('css selector', '#simple3')
2021-03-13 10:21:02,904 INFO [root] [base.py (base_click:34)]] - 正在点击元素('css selector', '#simple3')
2021-03-13 10:21:02,905 INFO [root] [base.py (base_find_element:26)]] - 正在查找元素('css selector', '#simple3')
2021-03-13 10:21:02,905 INFO [root] [base.py (base_find_element:26)]] - 正在查找元素('css selector', '#simple3')
2021-03-13 10:21:02,953 INFO [root] [base.py (base_click:34)]] - 正在点击元素('css selector', '#simple4')
2021-03-13 10:21:02,953 INFO [root] [base.py (base_click:34)]] - 正在点击元素('css selector', '#simple4')
2021-03-13 10:21:02,954 INFO [root] [base.py (base_find_element:26)]] - 正在查找元素('css selector', '#simple4')
2021-03-13 10:21:02,954 INFO [root] [base.py (base_find_element:26)]] - 正在查找元素('css selector', '#simple4')
2021-03-13 10:21:03,004 INFO [root] [base.py (base_click:34)]] - 正在点击元素('css selector', '#simpleEqual')
2021-03-13 10:21:03,004 INFO [root] [base.py (base_click:34)]] - 正在点击元素('css selector', '#simpleEqual')
2021-03-13 10:21:03,004 INFO [root] [base.py (base_find_element:26)]] - 正在查找元素('css selector', '#simpleEqual')
2021-03-13 10:21:03,004 INFO [root] [base.py (base_find_element:26)]] - 正在查找元素('css selector', '#simpleEqual')
2021-03-13 10:21:03,069 INFO [root] [base.py (base_get_value:40)]] - 正在获取元素('css selector', '#resultIpt')value属性
2021-03-13 10:21:03,069 INFO [root] [base.py (base_get_value:40)]] - 正在获取元素('css selector', '#resultIpt')value属性
2021-03-13 10:21:03,069 INFO [root] [base.py (base_find_element:26)]] - 正在查找元素('css selector', '#resultIpt')
2021-03-13 10:21:03,069 INFO [root] [base.py (base_find_element:26)]] - 正在查找元素('css selector', '#resultIpt')
2021-03-13 10:21:03,098 INFO [root] [base.py (base_get_value:40)]] - 正在获取元素('css selector', '#resultIpt')value属性
2021-03-13 10:21:03,098 INFO [root] [base.py (base_get_value:40)]] - 正在获取元素('css selector', '#resultIpt')value属性
2021-03-13 10:21:03,098 INFO [root] [base.py (base_find_element:26)]] - 正在查找元素('css selector', '#resultIpt')
2021-03-13 10:21:03,098 INFO [root] [base.py (base_find_element:26)]] - 正在查找元素('css selector', '#resultIpt')
